2022-02-21 09:23:56.378  INFO [config-server,,] 4720 --- [main] com.bilgeadam.ConfigServer               : Starting ConfigServer using Java 17.0.1 on musty-pc with PID 4720 (E:\bilge_adam\bilge_adam_workspace\IntelliJ\SocialMedia\config-server\build\classes\java\main started by musty in E:\bilge_adam\bilge_adam_workspace\IntelliJ\SocialMedia)
2022-02-21 09:23:56.382 DEBUG [config-server,,] 4720 --- [main] com.bilgeadam.ConfigServer               : Running with Spring Boot v2.6.3, Spring v5.3.15
2022-02-21 09:23:56.383  INFO [config-server,,] 4720 --- [main] com.bilgeadam.ConfigServer               : The following profiles are active: native
2022-02-21 09:23:58.232  WARN [config-server,,] 4720 --- [main] o.s.c.s.a.z.ZipkinAutoConfiguration      : Check result of the [RestTemplateSender{http://34.116.129.205/:9411/api/v2/spans}] contains an error [CheckResult{ok=false, error=org.springframework.web.client.ResourceAccessException: I/O error on POST request for "http://34.116.129.205/:9411/api/v2/spans": Connect timed out; nested exception is java.net.SocketTimeoutException: Connect timed out}]
2022-02-21 09:23:58.445  INFO [config-server,,] 4720 --- [main] o.s.b.w.embedded.tomcat.TomcatWebServer  : Tomcat initialized with port(s): 8888 (http)
2022-02-21 09:23:58.550  INFO [config-server,,] 4720 --- [main] w.s.c.ServletWebServerApplicationContext : Root WebApplicationContext: initialization completed in 2126 ms
2022-02-21 09:24:00.257  INFO [config-server,,] 4720 --- [main] o.s.b.w.embedded.tomcat.TomcatWebServer  : Tomcat started on port(s): 8888 (http) with context path ''
2022-02-21 09:24:00.362  INFO [config-server,,] 4720 --- [main] com.bilgeadam.ConfigServer               : Started ConfigServer in 4.396 seconds (JVM running for 5.073)
2022-02-21 09:32:00.445  INFO [config-server,,] 10996 --- [main] com.bilgeadam.ConfigServer               : Starting ConfigServer using Java 17.0.1 on musty-pc with PID 10996 (E:\bilge_adam\bilge_adam_workspace\IntelliJ\SocialMedia\config-server\build\classes\java\main started by musty in E:\bilge_adam\bilge_adam_workspace\IntelliJ\SocialMedia)
2022-02-21 09:32:00.446 DEBUG [config-server,,] 10996 --- [main] com.bilgeadam.ConfigServer               : Running with Spring Boot v2.6.3, Spring v5.3.15
2022-02-21 09:32:00.446  INFO [config-server,,] 10996 --- [main] com.bilgeadam.ConfigServer               : The following profiles are active: native
2022-02-21 09:32:02.158  WARN [config-server,,] 10996 --- [main] o.s.c.s.a.z.ZipkinAutoConfiguration      : Check result of the [RestTemplateSender{http://34.116.129.205/:9411/api/v2/spans}] contains an error [CheckResult{ok=false, error=org.springframework.web.client.ResourceAccessException: I/O error on POST request for "http://34.116.129.205/:9411/api/v2/spans": Connect timed out; nested exception is java.net.SocketTimeoutException: Connect timed out}]
2022-02-21 09:32:02.352  INFO [config-server,,] 10996 --- [main] o.s.b.w.embedded.tomcat.TomcatWebServer  : Tomcat initialized with port(s): 8888 (http)
2022-02-21 09:32:02.455  INFO [config-server,,] 10996 --- [main] w.s.c.ServletWebServerApplicationContext : Root WebApplicationContext: initialization completed in 1978 ms
2022-02-21 09:32:04.069  INFO [config-server,,] 10996 --- [main] o.s.b.w.embedded.tomcat.TomcatWebServer  : Tomcat started on port(s): 8888 (http) with context path ''
2022-02-21 09:32:04.167  INFO [config-server,,] 10996 --- [main] com.bilgeadam.ConfigServer               : Started ConfigServer in 4.111 seconds (JVM running for 4.641)
2022-02-21 09:33:15.133  INFO [config-server,,] 12116 --- [main] com.bilgeadam.ConfigServer               : Starting ConfigServer using Java 17.0.1 on musty-pc with PID 12116 (E:\bilge_adam\bilge_adam_workspace\IntelliJ\SocialMedia\config-server\build\classes\java\main started by musty in E:\bilge_adam\bilge_adam_workspace\IntelliJ\SocialMedia)
2022-02-21 09:33:15.135 DEBUG [config-server,,] 12116 --- [main] com.bilgeadam.ConfigServer               : Running with Spring Boot v2.6.3, Spring v5.3.15
2022-02-21 09:33:15.135  INFO [config-server,,] 12116 --- [main] com.bilgeadam.ConfigServer               : The following profiles are active: native
2022-02-21 09:33:16.946  WARN [config-server,,] 12116 --- [main] o.s.c.s.a.z.ZipkinAutoConfiguration      : Check result of the [RestTemplateSender{http://34.116.129.205/:9411/api/v2/spans}] contains an error [CheckResult{ok=false, error=org.springframework.web.client.ResourceAccessException: I/O error on POST request for "http://34.116.129.205/:9411/api/v2/spans": Connect timed out; nested exception is java.net.SocketTimeoutException: Connect timed out}]
2022-02-21 09:33:17.142  INFO [config-server,,] 12116 --- [main] o.s.b.w.embedded.tomcat.TomcatWebServer  : Tomcat initialized with port(s): 8888 (http)
2022-02-21 09:33:17.248  INFO [config-server,,] 12116 --- [main] w.s.c.ServletWebServerApplicationContext : Root WebApplicationContext: initialization completed in 2080 ms
2022-02-21 09:33:19.890  INFO [config-server,,] 12116 --- [main] o.s.b.w.embedded.tomcat.TomcatWebServer  : Tomcat started on port(s): 8888 (http) with context path ''
2022-02-21 09:33:20.056  INFO [config-server,,] 12116 --- [main] com.bilgeadam.ConfigServer               : Started ConfigServer in 5.405 seconds (JVM running for 5.959)
2022-02-21 09:34:25.417  INFO [config-server,,] 7400 --- [main] com.bilgeadam.ConfigServer               : Starting ConfigServer using Java 17.0.1 on musty-pc with PID 7400 (E:\bilge_adam\bilge_adam_workspace\IntelliJ\SocialMedia\config-server\build\classes\java\main started by musty in E:\bilge_adam\bilge_adam_workspace\IntelliJ\SocialMedia)
2022-02-21 09:34:25.419 DEBUG [config-server,,] 7400 --- [main] com.bilgeadam.ConfigServer               : Running with Spring Boot v2.6.3, Spring v5.3.15
2022-02-21 09:34:25.419  INFO [config-server,,] 7400 --- [main] com.bilgeadam.ConfigServer               : The following profiles are active: native
2022-02-21 09:34:27.113  WARN [config-server,,] 7400 --- [main] o.s.c.s.a.z.ZipkinAutoConfiguration      : Check result of the [RestTemplateSender{http://34.116.129.205/:9411/api/v2/spans}] contains an error [CheckResult{ok=false, error=org.springframework.web.client.ResourceAccessException: I/O error on POST request for "http://34.116.129.205/:9411/api/v2/spans": Connect timed out; nested exception is java.net.SocketTimeoutException: Connect timed out}]
2022-02-21 09:34:27.303  INFO [config-server,,] 7400 --- [main] o.s.b.w.embedded.tomcat.TomcatWebServer  : Tomcat initialized with port(s): 8888 (http)
2022-02-21 09:34:27.398  INFO [config-server,,] 7400 --- [main] w.s.c.ServletWebServerApplicationContext : Root WebApplicationContext: initialization completed in 1945 ms
2022-02-21 09:34:28.978  INFO [config-server,,] 7400 --- [main] o.s.b.w.embedded.tomcat.TomcatWebServer  : Tomcat started on port(s): 8888 (http) with context path ''
2022-02-21 09:34:29.075  INFO [config-server,,] 7400 --- [main] com.bilgeadam.ConfigServer               : Started ConfigServer in 4.126 seconds (JVM running for 4.703)
2022-02-21 09:36:08.892  INFO [config-server,,] 2544 --- [main] com.bilgeadam.ConfigServer               : Starting ConfigServer using Java 17.0.1 on musty-pc with PID 2544 (E:\bilge_adam\bilge_adam_workspace\IntelliJ\SocialMedia\config-server\build\classes\java\main started by musty in E:\bilge_adam\bilge_adam_workspace\IntelliJ\SocialMedia)
2022-02-21 09:36:08.894 DEBUG [config-server,,] 2544 --- [main] com.bilgeadam.ConfigServer               : Running with Spring Boot v2.6.3, Spring v5.3.15
2022-02-21 09:36:08.894  INFO [config-server,,] 2544 --- [main] com.bilgeadam.ConfigServer               : The following profiles are active: native
2022-02-21 09:36:10.639  WARN [config-server,,] 2544 --- [main] o.s.c.s.a.z.ZipkinAutoConfiguration      : Check result of the [RestTemplateSender{http://34.116.129.205/:9411/api/v2/spans}] contains an error [CheckResult{ok=false, error=org.springframework.web.client.ResourceAccessException: I/O error on POST request for "http://34.116.129.205/:9411/api/v2/spans": Connect timed out; nested exception is java.net.SocketTimeoutException: Connect timed out}]
2022-02-21 09:36:10.834  INFO [config-server,,] 2544 --- [main] o.s.b.w.embedded.tomcat.TomcatWebServer  : Tomcat initialized with port(s): 8888 (http)
2022-02-21 09:36:10.940  INFO [config-server,,] 2544 --- [main] w.s.c.ServletWebServerApplicationContext : Root WebApplicationContext: initialization completed in 2017 ms
2022-02-21 09:36:12.509  INFO [config-server,,] 2544 --- [main] o.s.b.w.embedded.tomcat.TomcatWebServer  : Tomcat started on port(s): 8888 (http) with context path ''
2022-02-21 09:36:12.607  INFO [config-server,,] 2544 --- [main] com.bilgeadam.ConfigServer               : Started ConfigServer in 4.146 seconds (JVM running for 4.726)
2022-02-21 09:39:25.646  INFO [config-server,,] 5996 --- [main] com.bilgeadam.ConfigServer               : Starting ConfigServer using Java 17.0.1 on musty-pc with PID 5996 (E:\bilge_adam\bilge_adam_workspace\IntelliJ\SocialMedia\config-server\build\classes\java\main started by musty in E:\bilge_adam\bilge_adam_workspace\IntelliJ\SocialMedia)
2022-02-21 09:39:25.648 DEBUG [config-server,,] 5996 --- [main] com.bilgeadam.ConfigServer               : Running with Spring Boot v2.6.3, Spring v5.3.15
2022-02-21 09:39:25.648  INFO [config-server,,] 5996 --- [main] com.bilgeadam.ConfigServer               : The following profiles are active: native
2022-02-21 09:39:27.427  WARN [config-server,,] 5996 --- [main] o.s.c.s.a.z.ZipkinAutoConfiguration      : Check result of the [RestTemplateSender{http://34.116.129.205/:9411/api/v2/spans}] contains an error [CheckResult{ok=false, error=org.springframework.web.client.ResourceAccessException: I/O error on POST request for "http://34.116.129.205/:9411/api/v2/spans": Connect timed out; nested exception is java.net.SocketTimeoutException: Connect timed out}]
2022-02-21 09:39:27.643  INFO [config-server,,] 5996 --- [main] o.s.b.w.embedded.tomcat.TomcatWebServer  : Tomcat initialized with port(s): 8888 (http)
2022-02-21 09:39:27.738  INFO [config-server,,] 5996 --- [main] w.s.c.ServletWebServerApplicationContext : Root WebApplicationContext: initialization completed in 2060 ms
2022-02-21 09:39:29.374  INFO [config-server,,] 5996 --- [main] o.s.b.w.embedded.tomcat.TomcatWebServer  : Tomcat started on port(s): 8888 (http) with context path ''
2022-02-21 09:39:29.470  INFO [config-server,,] 5996 --- [main] com.bilgeadam.ConfigServer               : Started ConfigServer in 4.289 seconds (JVM running for 4.87)
2022-02-21 09:41:54.521  INFO [config-server,,] 2400 --- [main] com.bilgeadam.ConfigServer               : Starting ConfigServer using Java 17.0.1 on musty-pc with PID 2400 (E:\bilge_adam\bilge_adam_workspace\IntelliJ\SocialMedia\config-server\build\classes\java\main started by musty in E:\bilge_adam\bilge_adam_workspace\IntelliJ\SocialMedia)
2022-02-21 09:41:54.523 DEBUG [config-server,,] 2400 --- [main] com.bilgeadam.ConfigServer               : Running with Spring Boot v2.6.3, Spring v5.3.15
2022-02-21 09:41:54.523  INFO [config-server,,] 2400 --- [main] com.bilgeadam.ConfigServer               : The following profiles are active: native
2022-02-21 09:41:56.255  WARN [config-server,,] 2400 --- [main] o.s.c.s.a.z.ZipkinAutoConfiguration      : Check result of the [RestTemplateSender{http://34.116.129.205/:9411/api/v2/spans}] contains an error [CheckResult{ok=false, error=org.springframework.web.client.ResourceAccessException: I/O error on POST request for "http://34.116.129.205/:9411/api/v2/spans": Connect timed out; nested exception is java.net.SocketTimeoutException: Connect timed out}]
2022-02-21 09:41:56.454  INFO [config-server,,] 2400 --- [main] o.s.b.w.embedded.tomcat.TomcatWebServer  : Tomcat initialized with port(s): 8888 (http)
2022-02-21 09:41:56.554  INFO [config-server,,] 2400 --- [main] w.s.c.ServletWebServerApplicationContext : Root WebApplicationContext: initialization completed in 2000 ms
2022-02-21 09:41:58.131  INFO [config-server,,] 2400 --- [main] o.s.b.w.embedded.tomcat.TomcatWebServer  : Tomcat started on port(s): 8888 (http) with context path ''
2022-02-21 09:41:58.229  INFO [config-server,,] 2400 --- [main] com.bilgeadam.ConfigServer               : Started ConfigServer in 4.167 seconds (JVM running for 4.714)
2022-02-21 09:46:38.992  INFO [config-server,,] 9812 --- [main] com.bilgeadam.ConfigServer               : Starting ConfigServer using Java 17.0.1 on musty-pc with PID 9812 (E:\bilge_adam\bilge_adam_workspace\IntelliJ\SocialMedia\config-server\build\classes\java\main started by musty in E:\bilge_adam\bilge_adam_workspace\IntelliJ\SocialMedia)
2022-02-21 09:46:38.994 DEBUG [config-server,,] 9812 --- [main] com.bilgeadam.ConfigServer               : Running with Spring Boot v2.6.3, Spring v5.3.15
2022-02-21 09:46:38.994  INFO [config-server,,] 9812 --- [main] com.bilgeadam.ConfigServer               : The following profiles are active: native
2022-02-21 09:46:40.760  WARN [config-server,,] 9812 --- [main] o.s.c.s.a.z.ZipkinAutoConfiguration      : Check result of the [RestTemplateSender{http://34.116.129.205/:9411/api/v2/spans}] contains an error [CheckResult{ok=false, error=org.springframework.web.client.ResourceAccessException: I/O error on POST request for "http://34.116.129.205/:9411/api/v2/spans": Connect timed out; nested exception is java.net.SocketTimeoutException: Connect timed out}]
2022-02-21 09:46:40.948  INFO [config-server,,] 9812 --- [main] o.s.b.w.embedded.tomcat.TomcatWebServer  : Tomcat initialized with port(s): 8888 (http)
2022-02-21 09:46:41.052  INFO [config-server,,] 9812 --- [main] w.s.c.ServletWebServerApplicationContext : Root WebApplicationContext: initialization completed in 2027 ms
2022-02-21 09:46:42.679  INFO [config-server,,] 9812 --- [main] o.s.b.w.embedded.tomcat.TomcatWebServer  : Tomcat started on port(s): 8888 (http) with context path ''
2022-02-21 09:46:42.780  INFO [config-server,,] 9812 --- [main] com.bilgeadam.ConfigServer               : Started ConfigServer in 4.221 seconds (JVM running for 4.867)
2022-02-21 09:48:19.513  INFO [config-server,,] 21000 --- [main] com.bilgeadam.ConfigServer               : Starting ConfigServer using Java 17.0.1 on musty-pc with PID 21000 (E:\bilge_adam\bilge_adam_workspace\IntelliJ\SocialMedia\config-server\build\classes\java\main started by musty in E:\bilge_adam\bilge_adam_workspace\IntelliJ\SocialMedia)
2022-02-21 09:48:19.515 DEBUG [config-server,,] 21000 --- [main] com.bilgeadam.ConfigServer               : Running with Spring Boot v2.6.3, Spring v5.3.15
2022-02-21 09:48:19.515  INFO [config-server,,] 21000 --- [main] com.bilgeadam.ConfigServer               : The following profiles are active: native
2022-02-21 09:48:21.258  WARN [config-server,,] 21000 --- [main] o.s.c.s.a.z.ZipkinAutoConfiguration      : Check result of the [RestTemplateSender{http://34.116.129.205/:9411/api/v2/spans}] contains an error [CheckResult{ok=false, error=org.springframework.web.client.ResourceAccessException: I/O error on POST request for "http://34.116.129.205/:9411/api/v2/spans": Connect timed out; nested exception is java.net.SocketTimeoutException: Connect timed out}]
2022-02-21 09:48:21.446  INFO [config-server,,] 21000 --- [main] o.s.b.w.embedded.tomcat.TomcatWebServer  : Tomcat initialized with port(s): 8888 (http)
2022-02-21 09:48:21.544  INFO [config-server,,] 21000 --- [main] w.s.c.ServletWebServerApplicationContext : Root WebApplicationContext: initialization completed in 1991 ms
2022-02-21 09:48:23.149  INFO [config-server,,] 21000 --- [main] o.s.b.w.embedded.tomcat.TomcatWebServer  : Tomcat started on port(s): 8888 (http) with context path ''
2022-02-21 09:48:23.247  INFO [config-server,,] 21000 --- [main] com.bilgeadam.ConfigServer               : Started ConfigServer in 4.194 seconds (JVM running for 4.741)
2022-02-21 09:54:52.330  INFO [config-server,,] 6100 --- [main] com.bilgeadam.ConfigServer               : Starting ConfigServer using Java 17.0.1 on musty-pc with PID 6100 (E:\bilge_adam\bilge_adam_workspace\IntelliJ\SocialMedia\config-server\build\classes\java\main started by musty in E:\bilge_adam\bilge_adam_workspace\IntelliJ\SocialMedia)
2022-02-21 09:54:52.332 DEBUG [config-server,,] 6100 --- [main] com.bilgeadam.ConfigServer               : Running with Spring Boot v2.6.3, Spring v5.3.15
2022-02-21 09:54:52.333  INFO [config-server,,] 6100 --- [main] com.bilgeadam.ConfigServer               : The following profiles are active: native
2022-02-21 09:54:54.175  WARN [config-server,,] 6100 --- [main] o.s.c.s.a.z.ZipkinAutoConfiguration      : Check result of the [RestTemplateSender{http://34.116.129.205/:9411/api/v2/spans}] contains an error [CheckResult{ok=false, error=org.springframework.web.client.ResourceAccessException: I/O error on POST request for "http://34.116.129.205/:9411/api/v2/spans": Connect timed out; nested exception is java.net.SocketTimeoutException: Connect timed out}]
2022-02-21 09:54:54.378  INFO [config-server,,] 6100 --- [main] o.s.b.w.embedded.tomcat.TomcatWebServer  : Tomcat initialized with port(s): 8888 (http)
2022-02-21 09:54:54.487  INFO [config-server,,] 6100 --- [main] w.s.c.ServletWebServerApplicationContext : Root WebApplicationContext: initialization completed in 2119 ms
2022-02-21 09:54:56.169  INFO [config-server,,] 6100 --- [main] o.s.b.w.embedded.tomcat.TomcatWebServer  : Tomcat started on port(s): 8888 (http) with context path ''
2022-02-21 09:54:56.275  INFO [config-server,,] 6100 --- [main] com.bilgeadam.ConfigServer               : Started ConfigServer in 4.406 seconds (JVM running for 4.928)
2022-02-21 09:59:18.158  INFO [config-server,,] 23120 --- [main] com.bilgeadam.ConfigServer               : Starting ConfigServer using Java 17.0.1 on musty-pc with PID 23120 (E:\bilge_adam\bilge_adam_workspace\IntelliJ\SocialMedia\config-server\build\classes\java\main started by musty in E:\bilge_adam\bilge_adam_workspace\IntelliJ\SocialMedia)
2022-02-21 09:59:18.160 DEBUG [config-server,,] 23120 --- [main] com.bilgeadam.ConfigServer               : Running with Spring Boot v2.6.3, Spring v5.3.15
2022-02-21 09:59:18.160  INFO [config-server,,] 23120 --- [main] com.bilgeadam.ConfigServer               : The following profiles are active: native
2022-02-21 09:59:19.926  WARN [config-server,,] 23120 --- [main] o.s.c.s.a.z.ZipkinAutoConfiguration      : Check result of the [RestTemplateSender{http://34.116.129.205/:9411/api/v2/spans}] contains an error [CheckResult{ok=false, error=org.springframework.web.client.ResourceAccessException: I/O error on POST request for "http://34.116.129.205/:9411/api/v2/spans": Connect timed out; nested exception is java.net.SocketTimeoutException: Connect timed out}]
2022-02-21 09:59:20.116  INFO [config-server,,] 23120 --- [main] o.s.b.w.embedded.tomcat.TomcatWebServer  : Tomcat initialized with port(s): 8888 (http)
2022-02-21 09:59:20.215  INFO [config-server,,] 23120 --- [main] w.s.c.ServletWebServerApplicationContext : Root WebApplicationContext: initialization completed in 2016 ms
2022-02-21 09:59:22.224  INFO [config-server,,] 23120 --- [main] o.s.b.w.embedded.tomcat.TomcatWebServer  : Tomcat started on port(s): 8888 (http) with context path ''
2022-02-21 09:59:22.389  INFO [config-server,,] 23120 --- [main] com.bilgeadam.ConfigServer               : Started ConfigServer in 4.659 seconds (JVM running for 5.187)
2022-02-21 09:59:43.969  INFO [config-server,,] 20812 --- [main] com.bilgeadam.ConfigServer               : Starting ConfigServer using Java 17.0.1 on musty-pc with PID 20812 (E:\bilge_adam\bilge_adam_workspace\IntelliJ\SocialMedia\config-server\build\classes\java\main started by musty in E:\bilge_adam\bilge_adam_workspace\IntelliJ\SocialMedia)
2022-02-21 09:59:43.970 DEBUG [config-server,,] 20812 --- [main] com.bilgeadam.ConfigServer               : Running with Spring Boot v2.6.3, Spring v5.3.15
2022-02-21 09:59:43.971  INFO [config-server,,] 20812 --- [main] com.bilgeadam.ConfigServer               : The following profiles are active: native
2022-02-21 09:59:45.657  WARN [config-server,,] 20812 --- [main] o.s.c.s.a.z.ZipkinAutoConfiguration      : Check result of the [RestTemplateSender{http://34.116.129.205/:9411/api/v2/spans}] contains an error [CheckResult{ok=false, error=org.springframework.web.client.ResourceAccessException: I/O error on POST request for "http://34.116.129.205/:9411/api/v2/spans": Connect timed out; nested exception is java.net.SocketTimeoutException: Connect timed out}]
2022-02-21 09:59:45.843  INFO [config-server,,] 20812 --- [main] o.s.b.w.embedded.tomcat.TomcatWebServer  : Tomcat initialized with port(s): 8888 (http)
2022-02-21 09:59:45.937  INFO [config-server,,] 20812 --- [main] w.s.c.ServletWebServerApplicationContext : Root WebApplicationContext: initialization completed in 1933 ms
2022-02-21 09:59:47.491  INFO [config-server,,] 20812 --- [main] o.s.b.w.embedded.tomcat.TomcatWebServer  : Tomcat started on port(s): 8888 (http) with context path ''
2022-02-21 09:59:47.588  INFO [config-server,,] 20812 --- [main] com.bilgeadam.ConfigServer               : Started ConfigServer in 4.068 seconds (JVM running for 4.622)
2022-02-21 10:05:04.254  INFO [config-server,,] 15292 --- [main] com.bilgeadam.ConfigServer               : Starting ConfigServer using Java 17.0.1 on musty-pc with PID 15292 (E:\bilge_adam\bilge_adam_workspace\IntelliJ\SocialMedia\config-server\build\classes\java\main started by musty in E:\bilge_adam\bilge_adam_workspace\IntelliJ\SocialMedia)
2022-02-21 10:05:04.257 DEBUG [config-server,,] 15292 --- [main] com.bilgeadam.ConfigServer               : Running with Spring Boot v2.6.3, Spring v5.3.15
2022-02-21 10:05:04.257  INFO [config-server,,] 15292 --- [main] com.bilgeadam.ConfigServer               : The following profiles are active: native
2022-02-21 10:05:06.040  WARN [config-server,,] 15292 --- [main] o.s.c.s.a.z.ZipkinAutoConfiguration      : Check result of the [RestTemplateSender{http://34.116.129.205/:9411/api/v2/spans}] contains an error [CheckResult{ok=false, error=org.springframework.web.client.ResourceAccessException: I/O error on POST request for "http://34.116.129.205/:9411/api/v2/spans": Connect timed out; nested exception is java.net.SocketTimeoutException: Connect timed out}]
2022-02-21 10:05:06.224  INFO [config-server,,] 15292 --- [main] o.s.b.w.embedded.tomcat.TomcatWebServer  : Tomcat initialized with port(s): 8888 (http)
2022-02-21 10:05:06.321  INFO [config-server,,] 15292 --- [main] w.s.c.ServletWebServerApplicationContext : Root WebApplicationContext: initialization completed in 2029 ms
2022-02-21 10:05:08.005  INFO [config-server,,] 15292 --- [main] o.s.b.w.embedded.tomcat.TomcatWebServer  : Tomcat started on port(s): 8888 (http) with context path ''
2022-02-21 10:05:08.111  INFO [config-server,,] 15292 --- [main] com.bilgeadam.ConfigServer               : Started ConfigServer in 4.293 seconds (JVM running for 4.797)
2022-02-21 10:07:11.567  INFO [config-server,,] 24308 --- [main] com.bilgeadam.ConfigServer               : Starting ConfigServer using Java 17.0.1 on musty-pc with PID 24308 (E:\bilge_adam\bilge_adam_workspace\IntelliJ\SocialMedia\config-server\build\classes\java\main started by musty in E:\bilge_adam\bilge_adam_workspace\IntelliJ\SocialMedia)
2022-02-21 10:07:11.569 DEBUG [config-server,,] 24308 --- [main] com.bilgeadam.ConfigServer               : Running with Spring Boot v2.6.3, Spring v5.3.15
2022-02-21 10:07:11.569  INFO [config-server,,] 24308 --- [main] com.bilgeadam.ConfigServer               : The following profiles are active: native
2022-02-21 10:07:13.275  WARN [config-server,,] 24308 --- [main] o.s.c.s.a.z.ZipkinAutoConfiguration      : Check result of the [RestTemplateSender{http://34.116.129.205/:9411/api/v2/spans}] contains an error [CheckResult{ok=false, error=org.springframework.web.client.ResourceAccessException: I/O error on POST request for "http://34.116.129.205/:9411/api/v2/spans": Connect timed out; nested exception is java.net.SocketTimeoutException: Connect timed out}]
2022-02-21 10:07:13.464  INFO [config-server,,] 24308 --- [main] o.s.b.w.embedded.tomcat.TomcatWebServer  : Tomcat initialized with port(s): 8888 (http)
2022-02-21 10:07:13.572  INFO [config-server,,] 24308 --- [main] w.s.c.ServletWebServerApplicationContext : Root WebApplicationContext: initialization completed in 1968 ms
2022-02-21 10:07:15.144  INFO [config-server,,] 24308 --- [main] o.s.b.w.embedded.tomcat.TomcatWebServer  : Tomcat started on port(s): 8888 (http) with context path ''
2022-02-21 10:07:15.243  INFO [config-server,,] 24308 --- [main] com.bilgeadam.ConfigServer               : Started ConfigServer in 4.104 seconds (JVM running for 4.587)
2022-02-21 11:07:06.175  INFO [config-server,,] 17752 --- [main] com.bilgeadam.ConfigServer               : Starting ConfigServer using Java 17.0.1 on musty-pc with PID 17752 (E:\bilge_adam\bilge_adam_workspace\IntelliJ\SocialMedia\config-server\build\classes\java\main started by musty in E:\bilge_adam\bilge_adam_workspace\IntelliJ\SocialMedia)
2022-02-21 11:07:06.178 DEBUG [config-server,,] 17752 --- [main] com.bilgeadam.ConfigServer               : Running with Spring Boot v2.6.3, Spring v5.3.15
2022-02-21 11:07:06.178  INFO [config-server,,] 17752 --- [main] com.bilgeadam.ConfigServer               : The following profiles are active: native
2022-02-21 11:07:07.778  INFO [config-server,,] 17752 --- [main] o.s.b.w.embedded.tomcat.TomcatWebServer  : Tomcat initialized with port(s): 8888 (http)
2022-02-21 11:07:07.875  INFO [config-server,,] 17752 --- [main] w.s.c.ServletWebServerApplicationContext : Root WebApplicationContext: initialization completed in 1665 ms
2022-02-21 11:07:09.381  INFO [config-server,,] 17752 --- [main] o.s.b.w.embedded.tomcat.TomcatWebServer  : Tomcat started on port(s): 8888 (http) with context path ''
2022-02-21 11:07:09.476  INFO [config-server,,] 17752 --- [main] com.bilgeadam.ConfigServer               : Started ConfigServer in 3.743 seconds (JVM running for 4.352)
2022-02-21 11:09:08.842  WARN [config-server,8d51d997286e61fb,8d51d997286e61fb] 17752 --- [http-nio-8888-exec-1] o.a.c.util.SessionIdGeneratorBase        : Creation of SecureRandom instance for session ID generation using [SHA1PRNG] took [159] milliseconds.
2022-02-21 11:10:33.813  INFO [config-server,,] 11956 --- [main] com.bilgeadam.ConfigServer               : Starting ConfigServer using Java 17.0.1 on musty-pc with PID 11956 (E:\bilge_adam\bilge_adam_workspace\IntelliJ\SocialMedia\config-server\build\classes\java\main started by musty in E:\bilge_adam\bilge_adam_workspace\IntelliJ\SocialMedia)
2022-02-21 11:10:33.815 DEBUG [config-server,,] 11956 --- [main] com.bilgeadam.ConfigServer               : Running with Spring Boot v2.6.3, Spring v5.3.15
2022-02-21 11:10:33.816  INFO [config-server,,] 11956 --- [main] com.bilgeadam.ConfigServer               : The following profiles are active: native
2022-02-21 11:10:35.357  INFO [config-server,,] 11956 --- [main] o.s.b.w.embedded.tomcat.TomcatWebServer  : Tomcat initialized with port(s): 8888 (http)
2022-02-21 11:10:35.455  INFO [config-server,,] 11956 --- [main] w.s.c.ServletWebServerApplicationContext : Root WebApplicationContext: initialization completed in 1602 ms
2022-02-21 11:10:37.031  INFO [config-server,,] 11956 --- [main] o.s.b.w.embedded.tomcat.TomcatWebServer  : Tomcat started on port(s): 8888 (http) with context path ''
2022-02-21 11:10:37.137  INFO [config-server,,] 11956 --- [main] com.bilgeadam.ConfigServer               : Started ConfigServer in 3.753 seconds (JVM running for 4.277)
2022-02-21 11:44:18.118  INFO [config-server,,] 4552 --- [main] com.bilgeadam.ConfigServer               : Starting ConfigServer using Java 17.0.1 on musty-pc with PID 4552 (E:\bilge_adam\bilge_adam_workspace\IntelliJ\SocialMedia\config-server\build\classes\java\main started by musty in E:\bilge_adam\bilge_adam_workspace\IntelliJ\SocialMedia)
2022-02-21 11:44:18.125 DEBUG [config-server,,] 4552 --- [main] com.bilgeadam.ConfigServer               : Running with Spring Boot v2.6.3, Spring v5.3.15
2022-02-21 11:44:18.126  INFO [config-server,,] 4552 --- [main] com.bilgeadam.ConfigServer               : The following profiles are active: native
2022-02-21 11:44:19.962  INFO [config-server,,] 4552 --- [main] o.s.b.w.embedded.tomcat.TomcatWebServer  : Tomcat initialized with port(s): 8888 (http)
2022-02-21 11:44:20.064  INFO [config-server,,] 4552 --- [main] w.s.c.ServletWebServerApplicationContext : Root WebApplicationContext: initialization completed in 1846 ms
2022-02-21 11:44:21.059  INFO [config-server,,] 4552 --- [main] .s.s.UserDetailsServiceAutoConfiguration : 

Using generated security password: ed076bc7-630c-439c-88e0-feb845985298

2022-02-21 11:44:21.671  INFO [config-server,,] 4552 --- [main] o.s.b.w.embedded.tomcat.TomcatWebServer  : Tomcat started on port(s): 8888 (http) with context path ''
2022-02-21 11:44:21.761  INFO [config-server,,] 4552 --- [main] com.bilgeadam.ConfigServer               : Started ConfigServer in 4.773 seconds (JVM running for 5.94)
2022-02-21 11:46:51.359  INFO [config-server,,] 16400 --- [main] com.bilgeadam.ConfigServer               : Starting ConfigServer using Java 17.0.1 on musty-pc with PID 16400 (E:\bilge_adam\bilge_adam_workspace\IntelliJ\SocialMedia\config-server\build\classes\java\main started by musty in E:\bilge_adam\bilge_adam_workspace\IntelliJ\SocialMedia)
2022-02-21 11:46:51.361 DEBUG [config-server,,] 16400 --- [main] com.bilgeadam.ConfigServer               : Running with Spring Boot v2.6.3, Spring v5.3.15
2022-02-21 11:46:51.361  INFO [config-server,,] 16400 --- [main] com.bilgeadam.ConfigServer               : The following profiles are active: native
2022-02-21 11:46:52.906  INFO [config-server,,] 16400 --- [main] o.s.b.w.embedded.tomcat.TomcatWebServer  : Tomcat initialized with port(s): 8888 (http)
2022-02-21 11:46:52.998  INFO [config-server,,] 16400 --- [main] w.s.c.ServletWebServerApplicationContext : Root WebApplicationContext: initialization completed in 1605 ms
2022-02-21 11:46:54.546  INFO [config-server,,] 16400 --- [main] o.s.b.w.embedded.tomcat.TomcatWebServer  : Tomcat started on port(s): 8888 (http) with context path ''
2022-02-21 11:46:54.640  INFO [config-server,,] 16400 --- [main] com.bilgeadam.ConfigServer               : Started ConfigServer in 3.666 seconds (JVM running for 4.175)
2022-02-21 11:48:29.259  INFO [config-server,,] 6180 --- [main] com.bilgeadam.ConfigServer               : Starting ConfigServer using Java 17.0.1 on musty-pc with PID 6180 (E:\bilge_adam\bilge_adam_workspace\IntelliJ\SocialMedia\config-server\build\classes\java\main started by musty in E:\bilge_adam\bilge_adam_workspace\IntelliJ\SocialMedia)
2022-02-21 11:48:29.261 DEBUG [config-server,,] 6180 --- [main] com.bilgeadam.ConfigServer               : Running with Spring Boot v2.6.3, Spring v5.3.15
2022-02-21 11:48:29.261  INFO [config-server,,] 6180 --- [main] com.bilgeadam.ConfigServer               : The following profiles are active: native
2022-02-21 11:48:30.969  INFO [config-server,,] 6180 --- [main] o.s.b.w.embedded.tomcat.TomcatWebServer  : Tomcat initialized with port(s): 8888 (http)
2022-02-21 11:48:31.063  INFO [config-server,,] 6180 --- [main] w.s.c.ServletWebServerApplicationContext : Root WebApplicationContext: initialization completed in 1770 ms
2022-02-21 11:48:32.639  INFO [config-server,,] 6180 --- [main] o.s.b.w.embedded.tomcat.TomcatWebServer  : Tomcat started on port(s): 8888 (http) with context path ''
2022-02-21 11:48:32.729  INFO [config-server,,] 6180 --- [main] com.bilgeadam.ConfigServer               : Started ConfigServer in 3.871 seconds (JVM running for 4.373)
2022-02-21 11:49:38.905  INFO [config-server,,] 8232 --- [main] com.bilgeadam.ConfigServer               : Starting ConfigServer using Java 17.0.1 on musty-pc with PID 8232 (E:\bilge_adam\bilge_adam_workspace\IntelliJ\SocialMedia\config-server\build\classes\java\main started by musty in E:\bilge_adam\bilge_adam_workspace\IntelliJ\SocialMedia)
2022-02-21 11:49:38.907 DEBUG [config-server,,] 8232 --- [main] com.bilgeadam.ConfigServer               : Running with Spring Boot v2.6.3, Spring v5.3.15
2022-02-21 11:49:38.908  INFO [config-server,,] 8232 --- [main] com.bilgeadam.ConfigServer               : The following profiles are active: native
2022-02-21 11:49:40.602  WARN [config-server,,] 8232 --- [main] o.s.c.s.a.z.ZipkinAutoConfiguration      : Check result of the [RestTemplateSender{http://34.116.129.205:9411/api/v2/spans}] contains an error [CheckResult{ok=false, error=org.springframework.web.client.ResourceAccessException: I/O error on POST request for "http://34.116.129.205:9411/api/v2/spans": Connect timed out; nested exception is java.net.SocketTimeoutException: Connect timed out}]
2022-02-21 11:49:40.786  INFO [config-server,,] 8232 --- [main] o.s.b.w.embedded.tomcat.TomcatWebServer  : Tomcat initialized with port(s): 8888 (http)
2022-02-21 11:49:40.893  INFO [config-server,,] 8232 --- [main] w.s.c.ServletWebServerApplicationContext : Root WebApplicationContext: initialization completed in 1956 ms
2022-02-21 11:49:42.459  INFO [config-server,,] 8232 --- [main] o.s.b.w.embedded.tomcat.TomcatWebServer  : Tomcat started on port(s): 8888 (http) with context path ''
2022-02-21 11:49:42.553  INFO [config-server,,] 8232 --- [main] com.bilgeadam.ConfigServer               : Started ConfigServer in 4.1 seconds (JVM running for 4.602)
2022-02-21 11:50:05.715  INFO [config-server,,] 11320 --- [main] com.bilgeadam.ConfigServer               : Starting ConfigServer using Java 17.0.1 on musty-pc with PID 11320 (E:\bilge_adam\bilge_adam_workspace\IntelliJ\SocialMedia\config-server\build\classes\java\main started by musty in E:\bilge_adam\bilge_adam_workspace\IntelliJ\SocialMedia)
2022-02-21 11:50:05.717 DEBUG [config-server,,] 11320 --- [main] com.bilgeadam.ConfigServer               : Running with Spring Boot v2.6.3, Spring v5.3.15
2022-02-21 11:50:05.717  INFO [config-server,,] 11320 --- [main] com.bilgeadam.ConfigServer               : The following profiles are active: native
2022-02-21 11:50:07.207  INFO [config-server,,] 11320 --- [main] o.s.b.w.embedded.tomcat.TomcatWebServer  : Tomcat initialized with port(s): 8888 (http)
2022-02-21 11:50:07.298  INFO [config-server,,] 11320 --- [main] w.s.c.ServletWebServerApplicationContext : Root WebApplicationContext: initialization completed in 1548 ms
2022-02-21 11:50:08.845  INFO [config-server,,] 11320 --- [main] o.s.b.w.embedded.tomcat.TomcatWebServer  : Tomcat started on port(s): 8888 (http) with context path ''
2022-02-21 11:50:08.934  INFO [config-server,,] 11320 --- [main] com.bilgeadam.ConfigServer               : Started ConfigServer in 3.633 seconds (JVM running for 4.2)
2022-02-21 11:51:07.386  INFO [config-server,,] 2740 --- [main] com.bilgeadam.ConfigServer               : Starting ConfigServer using Java 17.0.1 on musty-pc with PID 2740 (E:\bilge_adam\bilge_adam_workspace\IntelliJ\SocialMedia\config-server\build\classes\java\main started by musty in E:\bilge_adam\bilge_adam_workspace\IntelliJ\SocialMedia)
2022-02-21 11:51:07.387 DEBUG [config-server,,] 2740 --- [main] com.bilgeadam.ConfigServer               : Running with Spring Boot v2.6.3, Spring v5.3.15
2022-02-21 11:51:07.387  INFO [config-server,,] 2740 --- [main] com.bilgeadam.ConfigServer               : The following profiles are active: native
2022-02-21 11:51:09.208  WARN [config-server,,] 2740 --- [main] o.s.c.s.a.z.ZipkinAutoConfiguration      : Check result of the [RestTemplateSender{http://34.116.129.205:9411/api/v2/spans}] contains an error [CheckResult{ok=false, error=org.springframework.web.client.ResourceAccessException: I/O error on POST request for "http://34.116.129.205:9411/api/v2/spans": Read timed out; nested exception is java.net.SocketTimeoutException: Read timed out}]
2022-02-21 11:51:09.392  INFO [config-server,,] 2740 --- [main] o.s.b.w.embedded.tomcat.TomcatWebServer  : Tomcat initialized with port(s): 8888 (http)
2022-02-21 11:51:09.486  INFO [config-server,,] 2740 --- [main] w.s.c.ServletWebServerApplicationContext : Root WebApplicationContext: initialization completed in 2071 ms
2022-02-21 11:51:11.041  INFO [config-server,,] 2740 --- [main] o.s.b.w.embedded.tomcat.TomcatWebServer  : Tomcat started on port(s): 8888 (http) with context path ''
2022-02-21 11:51:11.132  INFO [config-server,,] 2740 --- [main] com.bilgeadam.ConfigServer               : Started ConfigServer in 4.145 seconds (JVM running for 4.717)
2022-02-21 11:55:05.267  INFO [config-server,,] 2956 --- [main] com.bilgeadam.ConfigServer               : Starting ConfigServer using Java 17.0.1 on musty-pc with PID 2956 (E:\bilge_adam\bilge_adam_workspace\IntelliJ\SocialMedia\config-server\build\classes\java\main started by musty in E:\bilge_adam\bilge_adam_workspace\IntelliJ\SocialMedia)
2022-02-21 11:55:05.269 DEBUG [config-server,,] 2956 --- [main] com.bilgeadam.ConfigServer               : Running with Spring Boot v2.6.3, Spring v5.3.15
2022-02-21 11:55:05.269  INFO [config-server,,] 2956 --- [main] com.bilgeadam.ConfigServer               : The following profiles are active: native
2022-02-21 11:55:06.750  INFO [config-server,,] 2956 --- [main] o.s.b.w.embedded.tomcat.TomcatWebServer  : Tomcat initialized with port(s): 8888 (http)
2022-02-21 11:55:06.846  INFO [config-server,,] 2956 --- [main] w.s.c.ServletWebServerApplicationContext : Root WebApplicationContext: initialization completed in 1546 ms
2022-02-21 11:55:08.411  INFO [config-server,,] 2956 --- [main] o.s.b.w.embedded.tomcat.TomcatWebServer  : Tomcat started on port(s): 8888 (http) with context path ''
2022-02-21 11:55:08.516  INFO [config-server,,] 2956 --- [main] com.bilgeadam.ConfigServer               : Started ConfigServer in 3.628 seconds (JVM running for 4.102)
2022-02-21 11:55:18.807  INFO [config-server,,] 17752 --- [main] com.bilgeadam.ConfigServer               : Starting ConfigServer using Java 17.0.1 on musty-pc with PID 17752 (E:\bilge_adam\bilge_adam_workspace\IntelliJ\SocialMedia\config-server\build\classes\java\main started by musty in E:\bilge_adam\bilge_adam_workspace\IntelliJ\SocialMedia)
2022-02-21 11:55:18.809 DEBUG [config-server,,] 17752 --- [main] com.bilgeadam.ConfigServer               : Running with Spring Boot v2.6.3, Spring v5.3.15
2022-02-21 11:55:18.809  INFO [config-server,,] 17752 --- [main] com.bilgeadam.ConfigServer               : The following profiles are active: native
2022-02-21 11:55:20.321  INFO [config-server,,] 17752 --- [main] o.s.b.w.embedded.tomcat.TomcatWebServer  : Tomcat initialized with port(s): 8888 (http)
2022-02-21 11:55:20.418  INFO [config-server,,] 17752 --- [main] w.s.c.ServletWebServerApplicationContext : Root WebApplicationContext: initialization completed in 1576 ms
2022-02-21 11:55:21.987  INFO [config-server,,] 17752 --- [main] o.s.b.w.embedded.tomcat.TomcatWebServer  : Tomcat started on port(s): 8888 (http) with context path ''
2022-02-21 11:55:22.079  INFO [config-server,,] 17752 --- [main] com.bilgeadam.ConfigServer               : Started ConfigServer in 3.672 seconds (JVM running for 4.135)
2022-02-21 11:57:28.990  INFO [config-server,,] 6684 --- [main] com.bilgeadam.ConfigServer               : Starting ConfigServer using Java 17.0.1 on musty-pc with PID 6684 (E:\bilge_adam\bilge_adam_workspace\IntelliJ\SocialMedia\config-server\build\classes\java\main started by musty in E:\bilge_adam\bilge_adam_workspace\IntelliJ\SocialMedia)
2022-02-21 11:57:28.991 DEBUG [config-server,,] 6684 --- [main] com.bilgeadam.ConfigServer               : Running with Spring Boot v2.6.3, Spring v5.3.15
2022-02-21 11:57:28.992  INFO [config-server,,] 6684 --- [main] com.bilgeadam.ConfigServer               : The following profiles are active: native
2022-02-21 11:57:30.593  INFO [config-server,,] 6684 --- [main] o.s.b.w.embedded.tomcat.TomcatWebServer  : Tomcat initialized with port(s): 8888 (http)
2022-02-21 11:57:30.684  INFO [config-server,,] 6684 --- [main] w.s.c.ServletWebServerApplicationContext : Root WebApplicationContext: initialization completed in 1662 ms
2022-02-21 11:57:32.298  INFO [config-server,,] 6684 --- [main] o.s.b.w.embedded.tomcat.TomcatWebServer  : Tomcat started on port(s): 8888 (http) with context path ''
2022-02-21 11:57:32.390  INFO [config-server,,] 6684 --- [main] com.bilgeadam.ConfigServer               : Started ConfigServer in 3.829 seconds (JVM running for 4.429)
2022-02-21 12:32:40.953  INFO [config-server,,] 6692 --- [main] com.bilgeadam.ConfigServer               : Starting ConfigServer using Java 17.0.1 on musty-pc with PID 6692 (E:\bilge_adam\bilge_adam_workspace\IntelliJ\SocialMedia\config-server\build\classes\java\main started by musty in E:\bilge_adam\bilge_adam_workspace\IntelliJ\SocialMedia)
2022-02-21 12:32:40.955 DEBUG [config-server,,] 6692 --- [main] com.bilgeadam.ConfigServer               : Running with Spring Boot v2.6.3, Spring v5.3.15
2022-02-21 12:32:40.955  INFO [config-server,,] 6692 --- [main] com.bilgeadam.ConfigServer               : The following profiles are active: native
2022-02-21 12:32:43.131  INFO [config-server,,] 6692 --- [main] o.s.b.w.embedded.tomcat.TomcatWebServer  : Tomcat initialized with port(s): 8888 (http)
2022-02-21 12:32:43.240  INFO [config-server,,] 6692 --- [main] w.s.c.ServletWebServerApplicationContext : Root WebApplicationContext: initialization completed in 2247 ms
2022-02-21 12:32:44.701  INFO [config-server,,] 6692 --- [main] o.s.b.w.embedded.tomcat.TomcatWebServer  : Tomcat started on port(s): 8888 (http) with context path ''
2022-02-21 12:32:44.787  INFO [config-server,,] 6692 --- [main] com.bilgeadam.ConfigServer               : Started ConfigServer in 4.21 seconds (JVM running for 4.685)
